  main.c
C:\Repository\CLanguageGames\CLanguageGames\CLanguageGames\game_number.h(24,18): warning C4244: '함수': 'time_t'에서 'unsigned int'(으)로 변환하면서 데이터가 손실될 수 있습니다.
C:\Repository\CLanguageGames\CLanguageGames\CLanguageGames\game_number.h(28,3): warning C4996: 'scanf': This function or variable may be unsafe. Consider using scanf_s instead. To disable deprecation, use _CRT_SECURE_NO_WARNINGS. See online help for details.
C:\Repository\CLanguageGames\CLanguageGames\CLanguageGames\game_number.h(42,3): warning C4996: 'scanf': This function or variable may be unsafe. Consider using scanf_s instead. To disable deprecation, use _CRT_SECURE_NO_WARNINGS. See online help for details.
C:\Repository\CLanguageGames\CLanguageGames\CLanguageGames\game_number.h(68,2): warning C4996: 'scanf': This function or variable may be unsafe. Consider using scanf_s instead. To disable deprecation, use _CRT_SECURE_NO_WARNINGS. See online help for details.
C:\Repository\CLanguageGames\CLanguageGames\CLanguageGames\game_rnm.h(49,18): warning C4244: '함수': 'time_t'에서 'unsigned int'(으)로 변환하면서 데이터가 손실될 수 있습니다.
C:\Repository\CLanguageGames\CLanguageGames\CLanguageGames\game_rnm.h(64,3): warning C4996: 'scanf': This function or variable may be unsafe. Consider using scanf_s instead. To disable deprecation, use _CRT_SECURE_NO_WARNINGS. See online help for details.
C:\Repository\CLanguageGames\CLanguageGames\CLanguageGames\game_rnm.h(84,3): warning C4996: 'scanf': This function or variable may be unsafe. Consider using scanf_s instead. To disable deprecation, use _CRT_SECURE_NO_WARNINGS. See online help for details.
C:\Repository\CLanguageGames\CLanguageGames\CLanguageGames\game_rnm.h(151,3): warning C4996: 'scanf': This function or variable may be unsafe. Consider using scanf_s instead. To disable deprecation, use _CRT_SECURE_NO_WARNINGS. See online help for details.
C:\Repository\CLanguageGames\CLanguageGames\CLanguageGames\game_rnm.h(173,11): warning C4996: 'fopen': This function or variable may be unsafe. Consider using fopen_s instead. To disable deprecation, use _CRT_SECURE_NO_WARNINGS. See online help for details.
C:\Repository\CLanguageGames\CLanguageGames\CLanguageGames\game_rcp.h(7,18): warning C4244: '함수': 'time_t'에서 'unsigned int'(으)로 변환하면서 데이터가 손실될 수 있습니다.
C:\Repository\CLanguageGames\CLanguageGames\CLanguageGames\game_rcp.h(27,8): warning C4996: 'kbhit': The POSIX name for this item is deprecated. Instead, use the ISO C and C++ conformant name: _kbhit. See online help for details.
C:\Repository\CLanguageGames\CLanguageGames\CLanguageGames\game_rcp.h(29,7): warning C4996: 'kbhit': The POSIX name for this item is deprecated. Instead, use the ISO C and C++ conformant name: _kbhit. See online help for details.
C:\Repository\CLanguageGames\CLanguageGames\CLanguageGames\game_mjb.h(14,18): warning C4244: '함수': 'time_t'에서 'unsigned int'(으)로 변환하면서 데이터가 손실될 수 있습니다.
C:\Repository\CLanguageGames\CLanguageGames\CLanguageGames\game_mjb.h(33,7): warning C4996: 'kbhit': The POSIX name for this item is deprecated. Instead, use the ISO C and C++ conformant name: _kbhit. See online help for details.
C:\Repository\CLanguageGames\CLanguageGames\CLanguageGames\game_mjb.h(35,13): warning C4996: 'getch': The POSIX name for this item is deprecated. Instead, use the ISO C and C++ conformant name: _getch. See online help for details.
C:\Repository\CLanguageGames\CLanguageGames\CLanguageGames\game_mjb.h(77,7): warning C4996: 'kbhit': The POSIX name for this item is deprecated. Instead, use the ISO C and C++ conformant name: _kbhit. See online help for details.
C:\Repository\CLanguageGames\CLanguageGames\CLanguageGames\game_mjb.h(79,13): warning C4996: 'getch': The POSIX name for this item is deprecated. Instead, use the ISO C and C++ conformant name: _getch. See online help for details.
C:\Repository\CLanguageGames\CLanguageGames\CLanguageGames\game_timing.h(21,18): warning C4244: '함수': 'time_t'에서 'unsigned int'(으)로 변환하면서 데이터가 손실될 수 있습니다.
C:\Repository\CLanguageGames\CLanguageGames\CLanguageGames\game_timing.h(30,7): warning C4996: 'kbhit': The POSIX name for this item is deprecated. Instead, use the ISO C and C++ conformant name: _kbhit. See online help for details.
C:\Repository\CLanguageGames\CLanguageGames\CLanguageGames\game_play_yut.h(40,2): warning C4996: 'scanf': This function or variable may be unsafe. Consider using scanf_s instead. To disable deprecation, use _CRT_SECURE_NO_WARNINGS. See online help for details.
C:\Repository\CLanguageGames\CLanguageGames\CLanguageGames\game_play_yut.h(41,6): warning C4996: 'fopen': This function or variable may be unsafe. Consider using fopen_s instead. To disable deprecation, use _CRT_SECURE_NO_WARNINGS. See online help for details.
C:\Repository\CLanguageGames\CLanguageGames\CLanguageGames\game_play_yut.h(61,2): warning C4996: 'scanf': This function or variable may be unsafe. Consider using scanf_s instead. To disable deprecation, use _CRT_SECURE_NO_WARNINGS. See online help for details.
C:\Repository\CLanguageGames\CLanguageGames\CLanguageGames\game_play_yut.h(62,6): warning C4996: 'fopen': This function or variable may be unsafe. Consider using fopen_s instead. To disable deprecation, use _CRT_SECURE_NO_WARNINGS. See online help for details.
C:\Repository\CLanguageGames\CLanguageGames\CLanguageGames\game_play_yut.h(63,2): warning C4996: 'fscanf': This function or variable may be unsafe. Consider using fscanf_s instead. To disable deprecation, use _CRT_SECURE_NO_WARNINGS. See online help for details.
C:\Repository\CLanguageGames\CLanguageGames\CLanguageGames\game_play_yut.h(68,4): warning C4996: 'fscanf': This function or variable may be unsafe. Consider using fscanf_s instead. To disable deprecation, use _CRT_SECURE_NO_WARNINGS. See online help for details.
C:\Repository\CLanguageGames\CLanguageGames\CLanguageGames\game_play_yut.h(96,59): warning C4996: 'strcpy': This function or variable may be unsafe. Consider using strcpy_s instead. To disable deprecation, use _CRT_SECURE_NO_WARNINGS. See online help for details.
C:\Repository\CLanguageGames\CLanguageGames\CLanguageGames\game_play_yut.h(102,18): warning C4244: '함수': 'time_t'에서 'unsigned int'(으)로 변환하면서 데이터가 손실될 수 있습니다.
C:\Repository\CLanguageGames\CLanguageGames\CLanguageGames\game_play_yut.h(116,7): warning C4996: 'kbhit': The POSIX name for this item is deprecated. Instead, use the ISO C and C++ conformant name: _kbhit. See online help for details.
C:\Repository\CLanguageGames\CLanguageGames\CLanguageGames\game_play_yut.h(117,14): warning C4996: 'getch': The POSIX name for this item is deprecated. Instead, use the ISO C and C++ conformant name: _getch. See online help for details.
C:\Repository\CLanguageGames\CLanguageGames\CLanguageGames\game_play_yut.h(149,4): warning C4996: 'strcpy': This function or variable may be unsafe. Consider using strcpy_s instead. To disable deprecation, use _CRT_SECURE_NO_WARNINGS. See online help for details.
C:\Repository\CLanguageGames\CLanguageGames\CLanguageGames\game_play_yut.h(153,4): warning C4996: 'strcpy': This function or variable may be unsafe. Consider using strcpy_s instead. To disable deprecation, use _CRT_SECURE_NO_WARNINGS. See online help for details.
C:\Repository\CLanguageGames\CLanguageGames\CLanguageGames\game_play_yut.h(157,4): warning C4996: 'strcpy': This function or variable may be unsafe. Consider using strcpy_s instead. To disable deprecation, use _CRT_SECURE_NO_WARNINGS. See online help for details.
C:\Repository\CLanguageGames\CLanguageGames\CLanguageGames\game_play_yut.h(161,4): warning C4996: 'strcpy': This function or variable may be unsafe. Consider using strcpy_s instead. To disable deprecation, use _CRT_SECURE_NO_WARNINGS. See online help for details.
C:\Repository\CLanguageGames\CLanguageGames\CLanguageGames\game_play_yut.h(162,4): warning C4996: 'strcpy': This function or variable may be unsafe. Consider using strcpy_s instead. To disable deprecation, use _CRT_SECURE_NO_WARNINGS. See online help for details.
C:\Repository\CLanguageGames\CLanguageGames\CLanguageGames\game_play_yut.h(171,3): warning C4996: 'strcpy': This function or variable may be unsafe. Consider using strcpy_s instead. To disable deprecation, use _CRT_SECURE_NO_WARNINGS. See online help for details.
C:\Repository\CLanguageGames\CLanguageGames\CLanguageGames\game_play_yut.h(172,3): warning C4996: 'strcpy': This function or variable may be unsafe. Consider using strcpy_s instead. To disable deprecation, use _CRT_SECURE_NO_WARNINGS. See online help for details.
C:\Repository\CLanguageGames\CLanguageGames\CLanguageGames\game_play_yut.h(176,5): warning C4996: 'strcpy': This function or variable may be unsafe. Consider using strcpy_s instead. To disable deprecation, use _CRT_SECURE_NO_WARNINGS. See online help for details.
C:\Repository\CLanguageGames\CLanguageGames\CLanguageGames\game_play_yut.h(178,5): warning C4996: 'strcpy': This function or variable may be unsafe. Consider using strcpy_s instead. To disable deprecation, use _CRT_SECURE_NO_WARNINGS. See online help for details.
C:\Repository\CLanguageGames\CLanguageGames\CLanguageGames\game_play_yut.h(181,5): warning C4996: 'strcpy': This function or variable may be unsafe. Consider using strcpy_s instead. To disable deprecation, use _CRT_SECURE_NO_WARNINGS. See online help for details.
C:\Repository\CLanguageGames\CLanguageGames\CLanguageGames\game_play_yut.h(186,5): warning C4996: 'strcpy': This function or variable may be unsafe. Consider using strcpy_s instead. To disable deprecation, use _CRT_SECURE_NO_WARNINGS. See online help for details.
C:\Repository\CLanguageGames\CLanguageGames\CLanguageGames\game_play_yut.h(188,5): warning C4996: 'strcpy': This function or variable may be unsafe. Consider using strcpy_s instead. To disable deprecation, use _CRT_SECURE_NO_WARNINGS. See online help for details.
C:\Repository\CLanguageGames\CLanguageGames\CLanguageGames\game_play_yut.h(198,4): warning C4996: 'strcpy': This function or variable may be unsafe. Consider using strcpy_s instead. To disable deprecation, use _CRT_SECURE_NO_WARNINGS. See online help for details.
C:\Repository\CLanguageGames\CLanguageGames\CLanguageGames\game_play_yut.h(202,4): warning C4996: 'strcpy': This function or variable may be unsafe. Consider using strcpy_s instead. To disable deprecation, use _CRT_SECURE_NO_WARNINGS. See online help for details.
C:\Repository\CLanguageGames\CLanguageGames\CLanguageGames\game_play_yut.h(206,4): warning C4996: 'strcpy': This function or variable may be unsafe. Consider using strcpy_s instead. To disable deprecation, use _CRT_SECURE_NO_WARNINGS. See online help for details.
C:\Repository\CLanguageGames\CLanguageGames\CLanguageGames\game_play_yut.h(210,4): warning C4996: 'strcpy': This function or variable may be unsafe. Consider using strcpy_s instead. To disable deprecation, use _CRT_SECURE_NO_WARNINGS. See online help for details.
C:\Repository\CLanguageGames\CLanguageGames\CLanguageGames\game_play_yut.h(211,4): warning C4996: 'strcpy': This function or variable may be unsafe. Consider using strcpy_s instead. To disable deprecation, use _CRT_SECURE_NO_WARNINGS. See online help for details.
C:\Repository\CLanguageGames\CLanguageGames\CLanguageGames\game_play_yut.h(220,3): warning C4996: 'strcpy': This function or variable may be unsafe. Consider using strcpy_s instead. To disable deprecation, use _CRT_SECURE_NO_WARNINGS. See online help for details.
C:\Repository\CLanguageGames\CLanguageGames\CLanguageGames\game_play_yut.h(221,3): warning C4996: 'strcpy': This function or variable may be unsafe. Consider using strcpy_s instead. To disable deprecation, use _CRT_SECURE_NO_WARNINGS. See online help for details.
C:\Repository\CLanguageGames\CLanguageGames\CLanguageGames\game_play_yut.h(225,5): warning C4996: 'strcpy': This function or variable may be unsafe. Consider using strcpy_s instead. To disable deprecation, use _CRT_SECURE_NO_WARNINGS. See online help for details.
C:\Repository\CLanguageGames\CLanguageGames\CLanguageGames\game_play_yut.h(227,5): warning C4996: 'strcpy': This function or variable may be unsafe. Consider using strcpy_s instead. To disable deprecation, use _CRT_SECURE_NO_WARNINGS. See online help for details.
C:\Repository\CLanguageGames\CLanguageGames\CLanguageGames\game_play_yut.h(230,5): warning C4996: 'strcpy': This function or variable may be unsafe. Consider using strcpy_s instead. To disable deprecation, use _CRT_SECURE_NO_WARNINGS. See online help for details.
C:\Repository\CLanguageGames\CLanguageGames\CLanguageGames\game_play_yut.h(235,5): warning C4996: 'strcpy': This function or variable may be unsafe. Consider using strcpy_s instead. To disable deprecation, use _CRT_SECURE_NO_WARNINGS. See online help for details.
C:\Repository\CLanguageGames\CLanguageGames\CLanguageGames\game_play_yut.h(237,5): warning C4996: 'strcpy': This function or variable may be unsafe. Consider using strcpy_s instead. To disable deprecation, use _CRT_SECURE_NO_WARNINGS. See online help for details.
C:\Repository\CLanguageGames\CLanguageGames\CLanguageGames\title.h(28,7): warning C4996: 'kbhit': The POSIX name for this item is deprecated. Instead, use the ISO C and C++ conformant name: _kbhit. See online help for details.
C:\Repository\CLanguageGames\CLanguageGames\CLanguageGames\title.h(31,4): warning C4996: 'getch': The POSIX name for this item is deprecated. Instead, use the ISO C and C++ conformant name: _getch. See online help for details.
C:\Repository\CLanguageGames\CLanguageGames\CLanguageGames\title.h(32,12): warning C4996: 'getch': The POSIX name for this item is deprecated. Instead, use the ISO C and C++ conformant name: _getch. See online help for details.
C:\Repository\CLanguageGames\CLanguageGames\CLanguageGames\game_rnm.h(45): warning C4716: 'cctgame': 값을 반환해야 합니다.
C:\Repository\CLanguageGames\CLanguageGames\CLanguageGames\game_number.h(82): warning C4716: 'gnumber': 값을 반환해야 합니다.
  CLanguageGames.vcxproj -> C:\Repository\CLanguageGames\CLanguageGames\Debug\CLanguageGames.exe
